<?xml version="1.0" encoding="UTF-8"?>
<!-- Generated by org.testng.reporters.JUnitReportReporter -->
<testsuite hostname="DESKTOP-RP5FHGT" name="createTable.Test_createTables" tests="3" failures="0" timestamp="19 Jan 2017 23:26:20 GMT" time="0.388" errors="0">
  <testcase name="createTable_t_sys_users" time="0.106" classname="createTable.Test_createTables"/>
  <testcase name="createTable_t_sys_permissions" time="0.176" classname="createTable.Test_createTables"/>
  <testcase name="createTable_t_sys_roles" time="0.106" classname="createTable.Test_createTables"/>
</testsuite> <!-- createTable.Test_createTables -->
