<?xml version="1.0" encoding="UTF-8"?>
<!-- Generated by org.testng.reporters.JUnitReportReporter -->
<testsuite hostname="DESKTOP-RP5FHGT" name="crudTests.UserRepositoryCRUDTest" tests="1" failures="0" timestamp="20 Jan 2017 00:10:10 GMT" time="0.336" errors="0">
  <testcase name="testAdd" time="0.336" classname="crudTests.UserRepositoryCRUDTest"/>
</testsuite> <!-- crudTests.UserRepositoryCRUDTest -->
