<?xml version="1.0" encoding="UTF-8"?>
<!-- Generated by org.testng.reporters.JUnitReportReporter -->
<testsuite hostname="DESKTOP-RP5FHGT" name="def.JDBCProject.AppTest" tests="1" failures="0" timestamp="20 Jan 2017 00:10:10 GMT" time="0.001" errors="0">
  <testcase name="testApp" time="0.001" classname="def.JDBCProject.AppTest"/>
</testsuite> <!-- def.JDBCProject.AppTest -->
