<?xml version="1.0" encoding="UTF-8"?>
<!-- Generated by org.testng.reporters.JUnitReportReporter -->
<testsuite name="crudTests.UserRepositoryCRUDTest" tests="1" time="1.100" ignored="0" failures="0" timestamp="20 sty 2017 15:58:38 GMT" skipped="0" hostname="DESKTOP-RP5FHGT" errors="0">
  <testcase name="testAdd" time="1.100" classname="crudTests.UserRepositoryCRUDTest"/>
</testsuite> <!-- crudTests.UserRepositoryCRUDTest -->
