<?xml version="1.0" encoding="UTF-8"?>
<!-- Generated by org.testng.reporters.JUnitReportReporter -->
<testsuite name="mapperTests.UserMapperTest" tests="1" time="0.180" ignored="0" failures="0" timestamp="20 sty 2017 15:58:29 GMT" skipped="0" hostname="DESKTOP-RP5FHGT" errors="0">
  <testcase name="test" time="0.180" classname="mapperTests.UserMapperTest"/>
</testsuite> <!-- mapperTests.UserMapperTest -->
