<?xml version="1.0" encoding="UTF-8"?>
<!-- Generated by org.testng.reporters.JUnitReportReporter -->
<testsuite hostname="DESKTOP-RP5FHGT" name="def.JDBCProject.AppTest" tests="1" failures="0" timestamp="19 Jan 2017 21:41:42 GMT" time="0.008" errors="0">
  <testcase name="testApp" time="0.008" classname="def.JDBCProject.AppTest"/>
</testsuite> <!-- def.JDBCProject.AppTest -->
