<?xml version="1.0" encoding="UTF-8"?>
<!-- Generated by org.testng.reporters.JUnitReportReporter -->
<testsuite hostname="DESKTOP-RP5FHGT" name="mapperTests.UserMapperTest" tests="1" failures="0" timestamp="20 Jan 2017 00:35:09 GMT" time="0.110" errors="0">
  <testcase name="test" time="0.110" classname="mapperTests.UserMapperTest"/>
</testsuite> <!-- mapperTests.UserMapperTest -->
