<?xml version="1.0" encoding="UTF-8"?>
<!-- Generated by org.testng.reporters.JUnitReportReporter -->
<testsuite hostname="DESKTOP-RP5FHGT" name="crudTests.UserRepositoryCRUDTest" tests="2" failures="0" timestamp="20 Jan 2017 20:17:14 GMT" time="0.394" errors="0">
  <testcase name="catalogTEst" time="0.272" classname="crudTests.UserRepositoryCRUDTest"/>
  <testcase name="testAdd" time="0.122" classname="crudTests.UserRepositoryCRUDTest"/>
</testsuite> <!-- crudTests.UserRepositoryCRUDTest -->
